6.29日志
懵懵懂懂下载了华为云，coding，git和github尝试了上传
熟悉了git操作
完成了人员分工
18301031 周润佳

6.30日志
完成前五个任务的环境配置
学习git
上传到github
现在是从啥都不懂到懵懵懂懂了
18301031 周润佳

6.30下午日志
除了spark的配置其他的配置大致都弄好了
修改变量环境时遇到了许多奇奇怪怪的问题
python的配置之前一直不成功，然后搜了一下发现环境变量位置换一下就好了
spark的环境配置也一直有问题，后来一查，发现路径里不能有空格，当时说实话，心态挺爆炸的
下载python的包时，一直下载速度特别慢，而且动不动就超时崩掉，后来先是生了个级发现没效果，搜了一下，换了一组下载命令果然快起来了
今天我是真真正正意识到搜索引擎的巨大用处，并学习了如何搭梯子
我之前基础比较薄弱，学习较慢
18301031 周润佳

7.1上午日志
上午一直在弄虚拟机的安装与配置
原本图省事下载了一个不用注册的版本，后来发现得下载需要注册的版本是pro，又重新下载了一遍
那个vim后面必须要有一个空格，万万没想到这个错误竟然导致不能运行
经过小组的集体 学习我们发现esc然后shift+zz是保存
restart用不了，得手动重启
18301031 周润佳

7.1下午日志
下载相关内容和jdk，下午主要的问题出现在网络上，我家里网似乎炸了，速度贼慢
下午两点我们开会一起研究，我们突然发现好像需要三个虚拟机，就心态挺爆炸的
每个人都尝试克隆之后更改内容
发现克隆之前更改比较方便
slave一直有问题，我们决定先放一放，虚拟机弄得时间太长了
我们开始配置spark集群了
今天总体在搞虚拟机，看似弄好了，结果还是有好多问题
我们决定更改计划，因为我们发现进度被虚拟机绊住了
18301031 周润佳

